<?xml version="1.0" encoding="UTF-8"?>
<!-- Generated by org.testng.reporters.JUnitXMLReporter -->
<testsuite hostname="DESKTOP-ITCJHIC" ignored="0" name="MyTest1" tests="4" failures="1" timestamp="30 Jan 2021 05:30:15 GMT" time="14.559" errors="0">
  <testcase name="baseTest1" time="0.016" classname="Test.BasePageTest"/>
  <testcase name="baseTest2" time="3.002" classname="Test.BasePageTest"/>
  <testcase name="baseTest3" time="0.002" classname="Test.BasePageTest"/>
  <testcase name="verifyHomePage" time="0.008" classname="Test.BasePageTest">
    <failure type="java.lang.AssertionError" message="Home page title doesn&amp;apos;t match expected [true] but found [false]">
      <![CDATA[java.lang.AssertionError: Home page title doesn't match expected [true] but found [false]
at Test.BasePageTest.verifyHomePage(BasePageTest.java:25)
at java.util.concurrent.FutureTask.run(FutureTask.java:266)
at java.util.concurrent.ThreadPoolExecutor.runWorker(ThreadPoolExecutor.java:1149)
at java.util.concurrent.ThreadPoolExecutor$Worker.run(ThreadPoolExecutor.java:624)
at java.lang.Thread.run(Thread.java:748)
... Removed 19 stack frames]]>
    </failure>
  </testcase> <!-- verifyHomePage -->
</testsuite> <!-- MyTest1 -->
