<?xml version="1.0" encoding="UTF-8"?>
<!-- Generated by org.testng.reporters.JUnitXMLReporter -->
<testsuite hostname="DESKTOP-ITCJHIC" ignored="0" name="Test" tests="2" failures="1" timestamp="01 Dec 2020 00:32:30 GMT" time="0.378" errors="0">
  <testcase name="@BeforeClass initializeTestBaseSetup" time="0.078" classname="Base.TestBase">
    <failure type="java.lang.NoSuchMethodError" message="com.google.common.base.Preconditions.checkState(ZLjava/lang/String;Ljava/lang/Object;Ljava/lang/Object;Ljava/lang/Object;)V">
      <![CDATA[java.lang.NoSuchMethodError: com.google.common.base.Preconditions.checkState(ZLjava/lang/String;Ljava/lang/Object;Ljava/lang/Object;Ljava/lang/Object;)V
at org.openqa.selenium.remote.service.DriverService.findExecutable(DriverService.java:134)
at org.openqa.selenium.chrome.ChromeDriverService.access$000(ChromeDriverService.java:35)
at org.openqa.selenium.chrome.ChromeDriverService$Builder.findDefaultExecutable(ChromeDriverService.java:159)
at org.openqa.selenium.remote.service.DriverService$Builder.build(DriverService.java:355)
at org.openqa.selenium.chrome.ChromeDriverService.createDefaultService(ChromeDriverService.java:94)
at org.openqa.selenium.chrome.ChromeDriver.<init>(ChromeDriver.java:123)
at Base.TestBase.initChromeDriver(TestBase.java:37)
at Base.TestBase.setDriver(TestBase.java:22)
at Base.TestBase.initializeTestBaseSetup(TestBase.java:56)
... Removed 26 stack frames]]>
    </failure>
  </testcase> <!-- @BeforeClass initializeTestBaseSetup -->
  <testcase name="@BeforeClass setUp" time="0.0" classname="Test.BasePageTest">
    <skipped/>
  </testcase> <!-- @BeforeClass setUp -->
  <testcase name="baseTest2" time="0.0" classname="Test.BasePageTest">
    <skipped/>
  </testcase> <!-- baseTest2 -->
  <testcase name="baseTest2" time="0.25" classname="Test.BasePageTest">
    <failure type="java.lang.NullPointerException">
      <![CDATA[java.lang.NullPointerException
at Base.TestListener.onTestSkipped(TestListener.java:39)
... Removed 23 stack frames]]>
    </failure>
  </testcase> <!-- baseTest2 -->
</testsuite> <!-- Test -->
